<?xml version="1.0" encoding="UTF-8"?>
<!-- Generated by org.testng.reporters.JUnitReportReporter -->
<testsuite skipped="0" hostname="Nividous" name="com.oakbrook.qa.testcases.HomePageTest" tests="3" failures="0" timestamp="18 Sep 2018 12:39:17 GMT" time="40.808" errors="0">
  <testcase name="verifyHomePageTitleTest" time="11.197" classname="com.oakbrook.qa.testcases.HomePageTest"/>
  <testcase name="verifyUserNameTest" time="12.534" classname="com.oakbrook.qa.testcases.HomePageTest"/>
  <testcase name="clickAddNew" time="17.077" classname="com.oakbrook.qa.testcases.HomePageTest"/>
</testsuite> <!-- com.oakbrook.qa.testcases.HomePageTest -->
